<?xml version="1.0" encoding="UTF-8"?>
<!-- Generated by org.testng.reporters.JUnitXMLReporter -->
<testsuite ignored="0" hostname="DESKTOP-J6GHKQ7" failures="0" tests="0" time="0.081" errors="0" timestamp="2023-03-29T14:35:39 IST">
  <testcase classname="com.apps.testbase.TestBase" name="@BeforeTest setUp" time="0.054">
    <failure type="java.lang.NoClassDefFoundError" message="org/apache/http/client/methods/HttpRequestBase">
      <![CDATA[java.lang.NoClassDefFoundError: org/apache/http/client/methods/HttpRequestBase
at com.apps.testbase.TestBase.setUp(TestBase.java:26)
Caused by: java.lang.ClassNotFoundException: org.apache.http.client.methods.HttpRequestBase
at java.base/jdk.internal.loader.BuiltinClassLoader.loadClass(BuiltinClassLoader.java:641)
at java.base/jdk.internal.loader.ClassLoaders$AppClassLoader.loadClass(ClassLoaders.java:188)
at java.base/java.lang.ClassLoader.loadClass(ClassLoader.java:520)
... 25 more
... Removed 24 stack frames]]>
    </failure>
  </testcase> <!-- @BeforeTest setUp -->
  <testcase classname="com.apps.testbase.TestBase" name="@AfterTest setDown" time="-1.680080739255E9">
    <skipped/>
  </testcase> <!-- @AfterTest setDown -->
</testsuite>
